[debug] [2018-10-02T05:50:12.649Z] ----------------------------------------------------------------------
[debug] [2018-10-02T05:50:12.653Z] Command:       C:\Program Files\nodejs\node.exe C:\Users\Watsamon Pongsupan\AppData\Roaming\npm\node_modules\firebase-tools\bin\firebase deploy
[debug] [2018-10-02T05:50:12.654Z] CLI Version:   4.2.1
[debug] [2018-10-02T05:50:12.654Z] Platform:      win32
[debug] [2018-10-02T05:50:12.654Z] Node Version:  v8.11.2
[debug] [2018-10-02T05:50:12.657Z] Time:          Tue Oct 02 2018 12:50:12 GMT+0700 (SE Asia Standard Time)
[debug] [2018-10-02T05:50:12.657Z] ----------------------------------------------------------------------
[debug] 
[debug] [2018-10-02T05:50:12.683Z] > command requires scopes: ["email","openid","https://www.googleapis.com/auth/cloudplatformprojects.readonly","https://www.googleapis.com/auth/firebase","https://www.googleapis.com/auth/cloud-platform"]
[debug] [2018-10-02T05:50:12.684Z] > authorizing via signed-in user
[debug] [2018-10-02T05:50:12.688Z] >>> HTTP REQUEST GET https://admin.firebase.com/v1/projects/sut-feedback  
 
[debug] [2018-10-02T05:50:16.333Z] <<< HTTP RESPONSE 200
[info] 
[info] === Deploying to 'sut-feedback'...
[info] 
[info] i  deploying database, storage, functions, hosting
[info] Running command: npm --prefix "%RESOURCE_DIR%" run lint
[info] Running command: npm --prefix "%RESOURCE_DIR%" run build
[info] +  functions: Finished running predeploy script.
[info] i  database: checking rules syntax...
[debug] [2018-10-02T05:50:41.088Z] >>> HTTP REQUEST PUT https://sut-feedback.firebaseio.com/.settings/rules.json?dryRun=true  
 {
  "rules": {
    ".read": "auth != null",
    ".write": "auth != null"
  }
}
[debug] [2018-10-02T05:50:43.326Z] <<< HTTP RESPONSE 200
[info] +  database: rules syntax for database sut-feedback is valid
[debug] [2018-10-02T05:50:43.332Z] >>> HTTP REQUEST GET https://appengine.googleapis.com/v1/apps/sut-feedback  
 
[debug] [2018-10-02T05:50:47.502Z] <<< HTTP RESPONSE 200
[info] i  storage: checking storage.rules for compilation errors...
[debug] [2018-10-02T05:50:47.513Z] >>> HTTP REQUEST POST https://firebaserules.googleapis.com/v1/projects/sut-feedback:test  

[debug] [2018-10-02T05:50:49.189Z] <<< HTTP RESPONSE 200
[info] +  storage: rules file storage.rules compiled successfully
[debug] [2018-10-02T05:50:49.200Z] > [functions] package.json contents: {
  "name": "functions",
  "scripts": {
    "lint": "tslint --project tsconfig.json",
    "build": "tsc",
    "serve": "npm run build && firebase serve --only functions",
    "shell": "npm run build && firebase functions:shell",
    "start": "npm run shell",
    "deploy": "firebase deploy --only functions",
    "logs": "firebase functions:log"
  },
  "main": "lib/index.js",
  "dependencies": {
    "firebase-admin": "~6.0.0",
    "firebase-functions": "^2.0.3"
  },
  "devDependencies": {
    "tslint": "~5.8.0",
    "typescript": "~2.8.3"
  },
  "private": true
}
[info] i  functions: ensuring necessary APIs are enabled...
[debug] [2018-10-02T05:50:49.203Z] >>> HTTP REQUEST GET https://servicemanagement.googleapis.com/v1/services/cloudfunctions.googleapis.com/projectSettings/sut-feedback?view=CONSUMER_VIEW  
 
[debug] [2018-10-02T05:50:49.204Z] >>> HTTP REQUEST GET https://servicemanagement.googleapis.com/v1/services/runtimeconfig.googleapis.com/projectSettings/sut-feedback?view=CONSUMER_VIEW  
 
[debug] [2018-10-02T05:50:51.642Z] <<< HTTP RESPONSE 200
[debug] [2018-10-02T05:50:52.075Z] <<< HTTP RESPONSE 200
[info] +  functions: all necessary APIs are enabled
[debug] [2018-10-02T05:50:52.081Z] >>> HTTP REQUEST GET https://cloudresourcemanager.googleapis.com/v1/projects/sut-feedback  
 
[debug] [2018-10-02T05:51:15.569Z] Error: read ECONNRESET
    at _errnoException (util.js:992:11)
    at TLSWrap.onread (net.js:618:25)
[error] 
[error] Error: Server Error. read ECONNRESET
[debug] [2018-10-02T05:51:30.689Z] ----------------------------------------------------------------------
[debug] [2018-10-02T05:51:30.698Z] Command:       C:\Program Files\nodejs\node.exe C:\Users\Watsamon Pongsupan\AppData\Roaming\npm\node_modules\firebase-tools\bin\firebase deploy
[debug] [2018-10-02T05:51:30.699Z] CLI Version:   4.2.1
[debug] [2018-10-02T05:51:30.699Z] Platform:      win32
[debug] [2018-10-02T05:51:30.699Z] Node Version:  v8.11.2
[debug] [2018-10-02T05:51:30.725Z] Time:          Tue Oct 02 2018 12:51:30 GMT+0700 (SE Asia Standard Time)
[debug] [2018-10-02T05:51:30.725Z] ----------------------------------------------------------------------
[debug] 
[debug] [2018-10-02T05:51:30.779Z] > command requires scopes: ["email","openid","https://www.googleapis.com/auth/cloudplatformprojects.readonly","https://www.googleapis.com/auth/firebase","https://www.googleapis.com/auth/cloud-platform"]
[debug] [2018-10-02T05:51:30.782Z] > authorizing via signed-in user
[debug] [2018-10-02T05:51:30.792Z] >>> HTTP REQUEST GET https://admin.firebase.com/v1/projects/sut-feedback  
 
[debug] [2018-10-02T05:51:32.321Z] <<< HTTP RESPONSE 200
